# JRE version: OpenJDK Runtime Environment Temurin-11.0.18+10 (11.0.18+10) (build 11.0.18+10)
# Java VM: OpenJDK 64-Bit Server VM Temurin-11.0.18+10 (11.0.18+10, mixed mode, tiered, compressed oops, g1 gc, windows-amd64)
Heap:
 garbage-first heap   total 258048K, used 146429K [0x0000000704e00000, 0x0000000800000000)
  region size 1024K, 88 young (90112K), 7 survivors (7168K)
 Metaspace       used 26006K, capacity 26457K, committed 26544K, reserved 1073152K
  class space    used 2351K, capacity 2544K, committed 2560K, reserved 1048576K
GC Heap History (14 events):
Event: 0.448 GC heap before
{Heap before GC invocations=0 (full 0):
 garbage-first heap   total 258048K, used 24576K [0x0000000704e00000, 0x0000000800000000)
  region size 1024K, 24 young (24576K), 0 survivors (0K)
 Metaspace       used 7425K, capacity 7576K, committed 7680K, reserved 1056768K
  class space    used 625K, capacity 676K, committed 768K, reserved 1048576K
}
Event: 0.450 GC heap after
{Heap after GC invocations=1 (full 0):
 garbage-first heap   total 258048K, used 1329K [0x0000000704e00000, 0x0000000800000000)
  region size 1024K, 2 young (2048K), 2 survivors (2048K)
 Metaspace       used 7425K, capacity 7576K, committed 7680K, reserved 1056768K
  class space    used 625K, capacity 676K, committed 768K, reserved 1048576K
}
Event: 1.296 GC heap before
{Heap before GC invocations=1 (full 0):
 garbage-first heap   total 258048K, used 159025K [0x0000000704e00000, 0x0000000800000000)
  region size 1024K, 151 young (154624K), 2 survivors (2048K)
 Metaspace       used 12653K, capacity 12799K, committed 13056K, reserved 1060864K
  class space    used 700K, capacity 746K, committed 768K, reserved 1048576K
}
Event: 1.298 GC heap after
{Heap after GC invocations=2 (full 0):
 garbage-first heap   total 258048K, used 4607K [0x0000000704e00000, 0x0000000800000000)
  region size 1024K, 5 young (5120K), 5 survivors (5120K)
 Metaspace       used 12653K, capacity 12799K, committed 13056K, reserved 1060864K
  class space    used 700K, capacity 746K, committed 768K, reserved 1048576K
}
Event: 1.615 GC heap before
{Heap before GC invocations=2 (full 0):
 garbage-first heap   total 258048K, used 154111K [0x0000000704e00000, 0x0000000800000000)
  region size 1024K, 151 young (154624K), 5 survivors (5120K)
 Metaspace       used 12664K, capacity 12863K, committed 13056K, reserved 1060864K
  class space    used 700K, capacity 746K, committed 768K, reserved 1048576K
}
Event: 1.617 GC heap after
{Heap after GC invocations=3 (full 0):
 garbage-first heap   total 258048K, used 4737K [0x0000000704e00000, 0x0000000800000000)
  region size 1024K, 5 young (5120K), 5 survivors (5120K)
 Metaspace       used 12664K, capacity 12863K, committed 13056K, reserved 1060864K
  class space    used 700K, capacity 746K, committed 768K, reserved 1048576K
}
Event: 3.176 GC heap before
{Heap before GC invocations=3 (full 0):
 garbage-first heap   total 258048K, used 154241K [0x0000000704e00000, 0x0000000800000000)
  region size 1024K, 151 young (154624K), 5 survivors (5120K)
 Metaspace       used 17652K, capacity 17792K, committed 18176K, reserved 1067008K
  class space    used 1405K, capacity 1450K, committed 1536K, reserved 1048576K
}
Event: 3.179 GC heap after
{Heap after GC invocations=4 (full 0):
 garbage-first heap   total 258048K, used 5382K [0x0000000704e00000, 0x0000000800000000)
  region size 1024K, 6 young (6144K), 6 survivors (6144K)
 Metaspace       used 17652K, capacity 17792K, committed 18176K, reserved 1067008K
  class space    used 1405K, capacity 1450K, committed 1536K, reserved 1048576K
}
Event: 3.545 GC heap before
{Heap before GC invocations=4 (full 0):
 garbage-first heap   total 258048K, used 20742K [0x0000000704e00000, 0x0000000800000000)
  region size 1024K, 22 young (22528K), 6 survivors (6144K)
 Metaspace       used 20947K, capacity 21175K, committed 21296K, reserved 1069056K
  class space    used 1774K, capacity 1883K, committed 1920K, reserved 1048576K
}
Event: 3.549 GC heap after
{Heap after GC invocations=5 (full 0):
 garbage-first heap   total 258048K, used 6011K [0x0000000704e00000, 0x0000000800000000)
  region size 1024K, 6 young (6144K), 6 survivors (6144K)
 Metaspace       used 20947K, capacity 21175K, committed 21296K, reserved 1069056K
  class space    used 1774K, capacity 1883K, committed 1920K, reserved 1048576K
}
Event: 3.849 GC heap before
{Heap before GC invocations=6 (full 0):
 garbage-first heap   total 258048K, used 202619K [0x0000000704e00000, 0x0000000800000000)
  region size 1024K, 151 young (154624K), 6 survivors (6144K)
 Metaspace       used 23709K, capacity 24181K, committed 24240K, reserved 1071104K
  class space    used 2115K, capacity 2295K, committed 2304K, reserved 1048576K
}
Event: 3.853 GC heap after
{Heap after GC invocations=7 (full 0):
 garbage-first heap   total 258048K, used 31251K [0x0000000704e00000, 0x0000000800000000)
  region size 1024K, 7 young (7168K), 7 survivors (7168K)
 Metaspace       used 23709K, capacity 24181K, committed 24240K, reserved 1071104K
  class space    used 2115K, capacity 2295K, committed 2304K, reserved 1048576K
}
Event: 12.725 GC heap before
{Heap before GC invocations=7 (full 0):
 garbage-first heap   total 258048K, used 243219K [0x0000000704e00000, 0x0000000800000000)
  region size 1024K, 151 young (154624K), 7 survivors (7168K)
 Metaspace       used 25993K, capacity 26457K, committed 26544K, reserved 1073152K
  class space    used 2350K, capacity 2544K, committed 2560K, reserved 1048576K
}
Event: 12.730 GC heap after
{Heap after GC invocations=8 (full 0):
 garbage-first heap   total 258048K, used 64509K [0x0000000704e00000, 0x0000000800000000)
  region size 1024K, 7 young (7168K), 7 survivors (7168K)
 Metaspace       used 25993K, capacity 26457K, committed 26544K, reserved 1073152K
  class space    used 2350K, capacity 2544K, committed 2560K, reserved 1048576K
}

