# JRE version: OpenJDK Runtime Environment Temurin-11.0.18+10 (11.0.18+10) (build 11.0.18+10)
# Java VM: OpenJDK 64-Bit Server VM Temurin-11.0.18+10 (11.0.18+10, mixed mode, tiered, compressed oops, g1 gc, windows-amd64)
Heap:
 garbage-first heap   total 258048K, used 182987K [0x0000000704e00000, 0x0000000800000000)
  region size 1024K, 123 young (125952K), 7 survivors (7168K)
 Metaspace       used 25896K, capacity 26393K, committed 26544K, reserved 1073152K
  class space    used 2343K, capacity 2544K, committed 2560K, reserved 1048576K
GC Heap History (14 events):
Event: 1.261 GC heap before
{Heap before GC invocations=0 (full 0):
 garbage-first heap   total 258048K, used 24576K [0x0000000704e00000, 0x0000000800000000)
  region size 1024K, 24 young (24576K), 0 survivors (0K)
 Metaspace       used 7426K, capacity 7512K, committed 7680K, reserved 1056768K
  class space    used 625K, capacity 676K, committed 768K, reserved 1048576K
}
Event: 1.262 GC heap after
{Heap after GC invocations=1 (full 0):
 garbage-first heap   total 258048K, used 1330K [0x0000000704e00000, 0x0000000800000000)
  region size 1024K, 2 young (2048K), 2 survivors (2048K)
 Metaspace       used 7426K, capacity 7512K, committed 7680K, reserved 1056768K
  class space    used 625K, capacity 676K, committed 768K, reserved 1048576K
}
Event: 2.319 GC heap before
{Heap before GC invocations=1 (full 0):
 garbage-first heap   total 258048K, used 159026K [0x0000000704e00000, 0x0000000800000000)
  region size 1024K, 151 young (154624K), 2 survivors (2048K)
 Metaspace       used 12663K, capacity 12865K, committed 13056K, reserved 1060864K
  class space    used 700K, capacity 746K, committed 768K, reserved 1048576K
}
Event: 2.321 GC heap after
{Heap after GC invocations=2 (full 0):
 garbage-first heap   total 258048K, used 4618K [0x0000000704e00000, 0x0000000800000000)
  region size 1024K, 5 young (5120K), 5 survivors (5120K)
 Metaspace       used 12663K, capacity 12865K, committed 13056K, reserved 1060864K
  class space    used 700K, capacity 746K, committed 768K, reserved 1048576K
}
Event: 2.721 GC heap before
{Heap before GC invocations=2 (full 0):
 garbage-first heap   total 258048K, used 154122K [0x0000000704e00000, 0x0000000800000000)
  region size 1024K, 151 young (154624K), 5 survivors (5120K)
 Metaspace       used 12675K, capacity 12865K, committed 13056K, reserved 1060864K
  class space    used 700K, capacity 746K, committed 768K, reserved 1048576K
}
Event: 2.723 GC heap after
{Heap after GC invocations=3 (full 0):
 garbage-first heap   total 258048K, used 4666K [0x0000000704e00000, 0x0000000800000000)
  region size 1024K, 5 young (5120K), 5 survivors (5120K)
 Metaspace       used 12675K, capacity 12865K, committed 13056K, reserved 1060864K
  class space    used 700K, capacity 746K, committed 768K, reserved 1048576K
}
Event: 5.867 GC heap before
{Heap before GC invocations=3 (full 0):
 garbage-first heap   total 258048K, used 154170K [0x0000000704e00000, 0x0000000800000000)
  region size 1024K, 151 young (154624K), 5 survivors (5120K)
 Metaspace       used 17672K, capacity 17858K, committed 18176K, reserved 1067008K
  class space    used 1405K, capacity 1450K, committed 1536K, reserved 1048576K
}
Event: 5.870 GC heap after
{Heap after GC invocations=4 (full 0):
 garbage-first heap   total 258048K, used 5281K [0x0000000704e00000, 0x0000000800000000)
  region size 1024K, 6 young (6144K), 6 survivors (6144K)
 Metaspace       used 17672K, capacity 17858K, committed 18176K, reserved 1067008K
  class space    used 1405K, capacity 1450K, committed 1536K, reserved 1048576K
}
Event: 6.541 GC heap before
{Heap before GC invocations=4 (full 0):
 garbage-first heap   total 258048K, used 20641K [0x0000000704e00000, 0x0000000800000000)
  region size 1024K, 22 young (22528K), 6 survivors (6144K)
 Metaspace       used 20945K, capacity 21175K, committed 21296K, reserved 1069056K
  class space    used 1773K, capacity 1883K, committed 1920K, reserved 1048576K
}
Event: 6.546 GC heap after
{Heap after GC invocations=5 (full 0):
 garbage-first heap   total 258048K, used 5927K [0x0000000704e00000, 0x0000000800000000)
  region size 1024K, 6 young (6144K), 6 survivors (6144K)
 Metaspace       used 20945K, capacity 21175K, committed 21296K, reserved 1069056K
  class space    used 1773K, capacity 1883K, committed 1920K, reserved 1048576K
}
Event: 7.063 GC heap before
{Heap before GC invocations=6 (full 0):
 garbage-first heap   total 258048K, used 202535K [0x0000000704e00000, 0x0000000800000000)
  region size 1024K, 151 young (154624K), 6 survivors (6144K)
 Metaspace       used 23738K, capacity 24181K, committed 24240K, reserved 1071104K
  class space    used 2113K, capacity 2295K, committed 2304K, reserved 1048576K
}
Event: 7.068 GC heap after
{Heap after GC invocations=7 (full 0):
 garbage-first heap   total 258048K, used 31158K [0x0000000704e00000, 0x0000000800000000)
  region size 1024K, 7 young (7168K), 7 survivors (7168K)
 Metaspace       used 23738K, capacity 24181K, committed 24240K, reserved 1071104K
  class space    used 2113K, capacity 2295K, committed 2304K, reserved 1048576K
}
Event: 52.391 GC heap before
{Heap before GC invocations=7 (full 0):
 garbage-first heap   total 258048K, used 243126K [0x0000000704e00000, 0x0000000800000000)
  region size 1024K, 151 young (154624K), 7 survivors (7168K)
 Metaspace       used 25887K, capacity 26393K, committed 26544K, reserved 1073152K
  class space    used 2340K, capacity 2544K, committed 2560K, reserved 1048576K
}
Event: 52.395 GC heap after
{Heap after GC invocations=8 (full 0):
 garbage-first heap   total 258048K, used 64507K [0x0000000704e00000, 0x0000000800000000)
  region size 1024K, 7 young (7168K), 7 survivors (7168K)
 Metaspace       used 25887K, capacity 26393K, committed 26544K, reserved 1073152K
  class space    used 2340K, capacity 2544K, committed 2560K, reserved 1048576K
}

