# JRE version: OpenJDK Runtime Environment Temurin-11.0.18+10 (11.0.18+10) (build 11.0.18+10)
# Java VM: OpenJDK 64-Bit Server VM Temurin-11.0.18+10 (11.0.18+10, mixed mode, tiered, compressed oops, g1 gc, windows-amd64)
Heap:
 garbage-first heap   total 261120K, used 84084K [0x0000000704e00000, 0x0000000800000000)
  region size 1024K, 20 young (20480K), 10 survivors (10240K)
 Metaspace       used 42244K, capacity 43151K, committed 43184K, reserved 1087488K
  class space    used 4244K, capacity 4588K, committed 4608K, reserved 1048576K
GC Heap History (18 events):
Event: 0.573 GC heap before
{Heap before GC invocations=0 (full 0):
 garbage-first heap   total 258048K, used 23552K [0x0000000704e00000, 0x0000000800000000)
  region size 1024K, 24 young (24576K), 0 survivors (0K)
 Metaspace       used 13052K, capacity 13297K, committed 13568K, reserved 1060864K
  class space    used 1319K, capacity 1413K, committed 1536K, reserved 1048576K
}
Event: 0.576 GC heap after
{Heap after GC invocations=1 (full 0):
 garbage-first heap   total 258048K, used 3536K [0x0000000704e00000, 0x0000000800000000)
  region size 1024K, 3 young (3072K), 3 survivors (3072K)
 Metaspace       used 13052K, capacity 13297K, committed 13568K, reserved 1060864K
  class space    used 1319K, capacity 1413K, committed 1536K, reserved 1048576K
}
Event: 1.310 GC heap before
{Heap before GC invocations=1 (full 0):
 garbage-first heap   total 258048K, used 55760K [0x0000000704e00000, 0x0000000800000000)
  region size 1024K, 55 young (56320K), 3 survivors (3072K)
 Metaspace       used 20917K, capacity 21231K, committed 21296K, reserved 1069056K
  class space    used 2310K, capacity 2432K, committed 2432K, reserved 1048576K
}
Event: 1.323 GC heap after
{Heap after GC invocations=2 (full 0):
 garbage-first heap   total 258048K, used 6742K [0x0000000704e00000, 0x0000000800000000)
  region size 1024K, 7 young (7168K), 7 survivors (7168K)
 Metaspace       used 20917K, capacity 21231K, committed 21296K, reserved 1069056K
  class space    used 2310K, capacity 2432K, committed 2432K, reserved 1048576K
}
Event: 2.171 GC heap before
{Heap before GC invocations=3 (full 0):
 garbage-first heap   total 258048K, used 69206K [0x0000000704e00000, 0x0000000800000000)
  region size 1024K, 68 young (69632K), 7 survivors (7168K)
 Metaspace       used 23414K, capacity 23833K, committed 24112K, reserved 1071104K
  class space    used 2503K, capacity 2659K, committed 2688K, reserved 1048576K
}
Event: 2.177 GC heap after
{Heap after GC invocations=4 (full 0):
 garbage-first heap   total 258048K, used 10214K [0x0000000704e00000, 0x0000000800000000)
  region size 1024K, 7 young (7168K), 7 survivors (7168K)
 Metaspace       used 23414K, capacity 23833K, committed 24112K, reserved 1071104K
  class space    used 2503K, capacity 2659K, committed 2688K, reserved 1048576K
}
Event: 3.271 GC heap before
{Heap before GC invocations=4 (full 0):
 garbage-first heap   total 258048K, used 162790K [0x0000000704e00000, 0x0000000800000000)
  region size 1024K, 151 young (154624K), 7 survivors (7168K)
 Metaspace       used 30029K, capacity 30682K, committed 30768K, reserved 1077248K
  class space    used 2721K, capacity 2934K, committed 2944K, reserved 1048576K
}
Event: 3.277 GC heap after
{Heap after GC invocations=5 (full 0):
 garbage-first heap   total 258048K, used 14339K [0x0000000704e00000, 0x0000000800000000)
  region size 1024K, 11 young (11264K), 11 survivors (11264K)
 Metaspace       used 30029K, capacity 30682K, committed 30768K, reserved 1077248K
  class space    used 2721K, capacity 2934K, committed 2944K, reserved 1048576K
}
Event: 3.517 GC heap before
{Heap before GC invocations=5 (full 0):
 garbage-first heap   total 258048K, used 157699K [0x0000000704e00000, 0x0000000800000000)
  region size 1024K, 151 young (154624K), 11 survivors (11264K)
 Metaspace       used 30029K, capacity 30682K, committed 30768K, reserved 1077248K
  class space    used 2721K, capacity 2934K, committed 2944K, reserved 1048576K
}
Event: 3.521 GC heap after
{Heap after GC invocations=6 (full 0):
 garbage-first heap   total 258048K, used 14520K [0x0000000704e00000, 0x0000000800000000)
  region size 1024K, 8 young (8192K), 8 survivors (8192K)
 Metaspace       used 30029K, capacity 30682K, committed 30768K, reserved 1077248K
  class space    used 2721K, capacity 2934K, committed 2944K, reserved 1048576K
}
Event: 4.251 GC heap before
{Heap before GC invocations=6 (full 0):
 garbage-first heap   total 258048K, used 160952K [0x0000000704e00000, 0x0000000800000000)
  region size 1024K, 151 young (154624K), 8 survivors (8192K)
 Metaspace       used 33636K, capacity 34267K, committed 34352K, reserved 1081344K
  class space    used 3218K, capacity 3446K, committed 3456K, reserved 1048576K
}
Event: 4.254 GC heap after
{Heap after GC invocations=7 (full 0):
 garbage-first heap   total 258048K, used 15105K [0x0000000704e00000, 0x0000000800000000)
  region size 1024K, 9 young (9216K), 9 survivors (9216K)
 Metaspace       used 33636K, capacity 34267K, committed 34352K, reserved 1081344K
  class space    used 3218K, capacity 3446K, committed 3456K, reserved 1048576K
}
Event: 4.991 GC heap before
{Heap before GC invocations=7 (full 0):
 garbage-first heap   total 258048K, used 90881K [0x0000000704e00000, 0x0000000800000000)
  region size 1024K, 84 young (86016K), 9 survivors (9216K)
 Metaspace       used 34871K, capacity 35483K, committed 35632K, reserved 1081344K
  class space    used 3422K, capacity 3638K, committed 3712K, reserved 1048576K
}
Event: 4.994 GC heap after
{Heap after GC invocations=8 (full 0):
 garbage-first heap   total 258048K, used 15088K [0x0000000704e00000, 0x0000000800000000)
  region size 1024K, 9 young (9216K), 9 survivors (9216K)
 Metaspace       used 34871K, capacity 35483K, committed 35632K, reserved 1081344K
  class space    used 3422K, capacity 3638K, committed 3712K, reserved 1048576K
}
Event: 5.747 GC heap before
{Heap before GC invocations=9 (full 0):
 garbage-first heap   total 258048K, used 208624K [0x0000000704e00000, 0x0000000800000000)
  region size 1024K, 151 young (154624K), 9 survivors (9216K)
 Metaspace       used 40053K, capacity 40940K, committed 41136K, reserved 1085440K
  class space    used 4016K, capacity 4340K, committed 4352K, reserved 1048576K
}
Event: 5.752 GC heap after
{Heap after GC invocations=10 (full 0):
 garbage-first heap   total 258048K, used 40691K [0x0000000704e00000, 0x0000000800000000)
  region size 1024K, 10 young (10240K), 10 survivors (10240K)
 Metaspace       used 40053K, capacity 40940K, committed 41136K, reserved 1085440K
  class space    used 4016K, capacity 4340K, committed 4352K, reserved 1048576K
}
Event: 48.534 GC heap before
{Heap before GC invocations=10 (full 0):
 garbage-first heap   total 258048K, used 249587K [0x0000000704e00000, 0x0000000800000000)
  region size 1024K, 151 young (154624K), 10 survivors (10240K)
 Metaspace       used 42236K, capacity 43151K, committed 43184K, reserved 1087488K
  class space    used 4241K, capacity 4588K, committed 4608K, reserved 1048576K
}
Event: 48.538 GC heap after
{Heap after GC invocations=11 (full 0):
 garbage-first heap   total 261120K, used 73801K [0x0000000704e00000, 0x0000000800000000)
  region size 1024K, 10 young (10240K), 10 survivors (10240K)
 Metaspace       used 42236K, capacity 43151K, committed 43184K, reserved 1087488K
  class space    used 4241K, capacity 4588K, committed 4608K, reserved 1048576K
}

