# JRE version: OpenJDK Runtime Environment Temurin-11.0.18+10 (11.0.18+10) (build 11.0.18+10)
# Java VM: OpenJDK 64-Bit Server VM Temurin-11.0.18+10 (11.0.18+10, mixed mode, tiered, compressed oops, g1 gc, windows-amd64)
Heap:
 garbage-first heap   total 258048K, used 183252K [0x0000000704e00000, 0x0000000800000000)
  region size 1024K, 123 young (125952K), 7 survivors (7168K)
 Metaspace       used 26253K, capacity 26694K, committed 26928K, reserved 1073152K
  class space    used 2376K, capacity 2576K, committed 2688K, reserved 1048576K
GC Heap History (16 events):
Event: 0.352 GC heap before
{Heap before GC invocations=0 (full 0):
 garbage-first heap   total 258048K, used 23552K [0x0000000704e00000, 0x0000000800000000)
  region size 1024K, 24 young (24576K), 0 survivors (0K)
 Metaspace       used 7419K, capacity 7524K, committed 7680K, reserved 1056768K
  class space    used 625K, capacity 676K, committed 768K, reserved 1048576K
}
Event: 0.354 GC heap after
{Heap after GC invocations=1 (full 0):
 garbage-first heap   total 258048K, used 1323K [0x0000000704e00000, 0x0000000800000000)
  region size 1024K, 2 young (2048K), 2 survivors (2048K)
 Metaspace       used 7419K, capacity 7524K, committed 7680K, reserved 1056768K
  class space    used 625K, capacity 676K, committed 768K, reserved 1048576K
}
Event: 0.962 GC heap before
{Heap before GC invocations=1 (full 0):
 garbage-first heap   total 258048K, used 160043K [0x0000000704e00000, 0x0000000800000000)
  region size 1024K, 151 young (154624K), 2 survivors (2048K)
 Metaspace       used 12657K, capacity 12749K, committed 13056K, reserved 1060864K
  class space    used 700K, capacity 746K, committed 768K, reserved 1048576K
}
Event: 0.964 GC heap after
{Heap after GC invocations=2 (full 0):
 garbage-first heap   total 258048K, used 4833K [0x0000000704e00000, 0x0000000800000000)
  region size 1024K, 5 young (5120K), 5 survivors (5120K)
 Metaspace       used 12657K, capacity 12749K, committed 13056K, reserved 1060864K
  class space    used 700K, capacity 746K, committed 768K, reserved 1048576K
}
Event: 1.234 GC heap before
{Heap before GC invocations=2 (full 0):
 garbage-first heap   total 258048K, used 154337K [0x0000000704e00000, 0x0000000800000000)
  region size 1024K, 151 young (154624K), 5 survivors (5120K)
 Metaspace       used 12668K, capacity 12749K, committed 13056K, reserved 1060864K
  class space    used 700K, capacity 746K, committed 768K, reserved 1048576K
}
Event: 1.236 GC heap after
{Heap after GC invocations=3 (full 0):
 garbage-first heap   total 258048K, used 4671K [0x0000000704e00000, 0x0000000800000000)
  region size 1024K, 5 young (5120K), 5 survivors (5120K)
 Metaspace       used 12668K, capacity 12749K, committed 13056K, reserved 1060864K
  class space    used 700K, capacity 746K, committed 768K, reserved 1048576K
}
Event: 2.540 GC heap before
{Heap before GC invocations=3 (full 0):
 garbage-first heap   total 258048K, used 154175K [0x0000000704e00000, 0x0000000800000000)
  region size 1024K, 151 young (154624K), 5 survivors (5120K)
 Metaspace       used 17667K, capacity 17806K, committed 18176K, reserved 1067008K
  class space    used 1405K, capacity 1450K, committed 1536K, reserved 1048576K
}
Event: 2.542 GC heap after
{Heap after GC invocations=4 (full 0):
 garbage-first heap   total 258048K, used 5444K [0x0000000704e00000, 0x0000000800000000)
  region size 1024K, 6 young (6144K), 6 survivors (6144K)
 Metaspace       used 17667K, capacity 17806K, committed 18176K, reserved 1067008K
  class space    used 1405K, capacity 1450K, committed 1536K, reserved 1048576K
}
Event: 2.844 GC heap before
{Heap before GC invocations=4 (full 0):
 garbage-first heap   total 258048K, used 22852K [0x0000000704e00000, 0x0000000800000000)
  region size 1024K, 24 young (24576K), 6 survivors (6144K)
 Metaspace       used 20960K, capacity 21187K, committed 21296K, reserved 1069056K
  class space    used 1777K, capacity 1883K, committed 1920K, reserved 1048576K
}
Event: 2.848 GC heap after
{Heap after GC invocations=5 (full 0):
 garbage-first heap   total 258048K, used 5983K [0x0000000704e00000, 0x0000000800000000)
  region size 1024K, 6 young (6144K), 6 survivors (6144K)
 Metaspace       used 20960K, capacity 21187K, committed 21296K, reserved 1069056K
  class space    used 1777K, capacity 1883K, committed 1920K, reserved 1048576K
}
Event: 3.096 GC heap before
{Heap before GC invocations=6 (full 0):
 garbage-first heap   total 258048K, used 202591K [0x0000000704e00000, 0x0000000800000000)
  region size 1024K, 151 young (154624K), 6 survivors (6144K)
 Metaspace       used 23759K, capacity 24193K, committed 24240K, reserved 1071104K
  class space    used 2123K, capacity 2295K, committed 2304K, reserved 1048576K
}
Event: 3.099 GC heap after
{Heap after GC invocations=7 (full 0):
 garbage-first heap   total 258048K, used 31251K [0x0000000704e00000, 0x0000000800000000)
  region size 1024K, 7 young (7168K), 7 survivors (7168K)
 Metaspace       used 23759K, capacity 24193K, committed 24240K, reserved 1071104K
  class space    used 2123K, capacity 2295K, committed 2304K, reserved 1048576K
}
Event: 13.060 GC heap before
{Heap before GC invocations=7 (full 0):
 garbage-first heap   total 258048K, used 243219K [0x0000000704e00000, 0x0000000800000000)
  region size 1024K, 151 young (154624K), 7 survivors (7168K)
 Metaspace       used 26232K, capacity 26694K, committed 26928K, reserved 1073152K
  class space    used 2373K, capacity 2576K, committed 2688K, reserved 1048576K
}
Event: 13.064 GC heap after
{Heap after GC invocations=8 (full 0):
 garbage-first heap   total 258048K, used 64265K [0x0000000704e00000, 0x0000000800000000)
  region size 1024K, 7 young (7168K), 7 survivors (7168K)
 Metaspace       used 26232K, capacity 26694K, committed 26928K, reserved 1073152K
  class space    used 2373K, capacity 2576K, committed 2688K, reserved 1048576K
}
Event: 13.178 GC heap before
{Heap before GC invocations=8 (full 0):
 garbage-first heap   total 258048K, used 212745K [0x0000000704e00000, 0x0000000800000000)
  region size 1024K, 151 young (154624K), 7 survivors (7168K)
 Metaspace       used 26243K, capacity 26694K, committed 26928K, reserved 1073152K
  class space    used 2376K, capacity 2576K, committed 2688K, reserved 1048576K
}
Event: 13.182 GC heap after
{Heap after GC invocations=9 (full 0):
 garbage-first heap   total 258048K, used 65492K [0x0000000704e00000, 0x0000000800000000)
  region size 1024K, 7 young (7168K), 7 survivors (7168K)
 Metaspace       used 26243K, capacity 26694K, committed 26928K, reserved 1073152K
  class space    used 2376K, capacity 2576K, committed 2688K, reserved 1048576K
}

