# JRE version: OpenJDK Runtime Environment Temurin-11.0.18+10 (11.0.18+10) (build 11.0.18+10)
# Java VM: OpenJDK 64-Bit Server VM Temurin-11.0.18+10 (11.0.18+10, mixed mode, tiered, compressed oops, g1 gc, windows-amd64)
Heap:
 garbage-first heap   total 258048K, used 71801K [0x0000000704000000, 0x0000000800000000)
  region size 1024K, 72 young (73728K), 3 survivors (3072K)
 Metaspace       used 14668K, capacity 14864K, committed 15104K, reserved 1062912K
  class space    used 942K, capacity 1011K, committed 1024K, reserved 1048576K
GC Heap History (6 events):
Event: 0.267 GC heap before
{Heap before GC invocations=0 (full 0):
 garbage-first heap   total 258048K, used 24576K [0x0000000704000000, 0x0000000800000000)
  region size 1024K, 24 young (24576K), 0 survivors (0K)
 Metaspace       used 7125K, capacity 7228K, committed 7424K, reserved 1056768K
  class space    used 597K, capacity 644K, committed 768K, reserved 1048576K
}
Event: 0.285 GC heap after
{Heap after GC invocations=1 (full 0):
 garbage-first heap   total 258048K, used 1091K [0x0000000704000000, 0x0000000800000000)
  region size 1024K, 2 young (2048K), 2 survivors (2048K)
 Metaspace       used 7125K, capacity 7228K, committed 7424K, reserved 1056768K
  class space    used 597K, capacity 644K, committed 768K, reserved 1048576K
}
Event: 0.875 GC heap before
{Heap before GC invocations=1 (full 0):
 garbage-first heap   total 258048K, used 159811K [0x0000000704000000, 0x0000000800000000)
  region size 1024K, 151 young (154624K), 2 survivors (2048K)
 Metaspace       used 11704K, capacity 11844K, committed 12032K, reserved 1060864K
  class space    used 653K, capacity 709K, committed 768K, reserved 1048576K
}
Event: 0.876 GC heap after
{Heap after GC invocations=2 (full 0):
 garbage-first heap   total 258048K, used 2171K [0x0000000704000000, 0x0000000800000000)
  region size 1024K, 3 young (3072K), 3 survivors (3072K)
 Metaspace       used 11704K, capacity 11844K, committed 12032K, reserved 1060864K
  class space    used 653K, capacity 709K, committed 768K, reserved 1048576K
}
Event: 1.971 GC heap before
{Heap before GC invocations=2 (full 0):
 garbage-first heap   total 258048K, used 153723K [0x0000000704000000, 0x0000000800000000)
  region size 1024K, 151 young (154624K), 3 survivors (3072K)
 Metaspace       used 12206K, capacity 12356K, committed 12544K, reserved 1060864K
  class space    used 661K, capacity 709K, committed 768K, reserved 1048576K
}
Event: 1.973 GC heap after
{Heap after GC invocations=3 (full 0):
 garbage-first heap   total 258048K, used 2169K [0x0000000704000000, 0x0000000800000000)
  region size 1024K, 3 young (3072K), 3 survivors (3072K)
 Metaspace       used 12206K, capacity 12356K, committed 12544K, reserved 1060864K
  class space    used 661K, capacity 709K, committed 768K, reserved 1048576K
}

